Using pre-set license
Built from '2020.2/release' branch; Version is '2020.2.4f1 (becced5a802b) revision 12504301'; Using compiler version '192528614'; Build Type 'Release'
OS: 'Windows 10 Pro; OS build 19042.804; Version 2009; 64bit' Language: 'hu' Physical Memory: 8112 MB
BatchMode: 1, IsHumanControllingUs: 0, StartBugReporterOnCrash: 0, Is64bit: 1, IsPro: 0

 COMMAND LINE ARGUMENTS:
C:\Program Files\Unity\Hub\Editor\2020.2.4f1\Editor\Unity.exe
-adb2
-batchMode
-noUpm
-name
AssetImportWorker0
-projectPath
D:/Github/unity/beadand贸
-logFile
Logs/AssetImportWorker0.log
-srvPort
63149
Successfully changed project path to: D:/Github/unity/beadand贸
D:/Github/unity/beadand贸
Using Asset Import Pipeline V2.
Refreshing native plugins compatible for Editor in 22.82 ms, found 0 plugins.
Preloading 0 native plugins for Editor in 0.00 ms.
Initialize engine version: 2020.2.4f1 (becced5a802b)
[Subsystems] Discovering subsystems at path C:/Program Files/Unity/Hub/Editor/2020.2.4f1/Editor/Data/Resources/UnitySubsystems
[Subsystems] Discovering subsystems at path D:/Github/unity/beadand贸/Assets
GfxDevice: creating device client; threaded=0
Direct3D:
    Version:  Direct3D 11.0 [level 11.1]
    Renderer: NVIDIA GeForce GTX 1650 (ID=0x1f91)
    Vendor:   
    VRAM:     3962 MB
    Driver:   27.21.14.6140
Initialize mono
Mono path[0] = 'C:/Program Files/Unity/Hub/Editor/2020.2.4f1/Editor/Data/Managed'
Mono path[1] = 'C:/Program Files/Unity/Hub/Editor/2020.2.4f1/Editor/Data/MonoBleedingEdge/lib/mono/unityjit'
Mono config path = 'C:/Program Files/Unity/Hub/Editor/2020.2.4f1/Editor/Data/MonoBleedingEdge/etc'
Using monoOptions --debugger-agent=transport=dt_socket,embedding=1,server=y,suspend=n,address=127.0.0.1:56164
Begin MonoManager ReloadAssembly
Registering precompiled unity dll's ...
Register platform support module: C:/Program Files/Unity/Hub/Editor/2020.2.4f1/Editor/Data/PlaybackEngines/WindowsStandaloneSupport/UnityEditor.WindowsStandalone.Extensions.dll
Registered in 0.001500 seconds.
Native extension for WindowsStandalone target not found
Refreshing native plugins compatible for Editor in 21.50 ms, found 0 plugins.
Preloading 0 native plugins for Editor in 0.00 ms.
Invoked RoslynAnalysisRunner static constructor.
RoslynAnalysisRunner will not be running.
RoslynAnalysisRunner has terminated.
Mono: successfully reloaded assembly
- Completed reload, in  0.942 seconds
Platform modules already initialized, skipping
Registering precompiled user dll's ...
Registered in 0.000535 seconds.
Begin MonoManager ReloadAssembly
Native extension for WindowsStandalone target not found
Refreshing native plugins compatible for Editor in 0.19 ms, found 0 plugins.
Preloading 0 native plugins for Editor in 0.00 ms.
Invoked RoslynAnalysisRunner static constructor.
RoslynAnalysisRunner will not be running.
RoslynAnalysisRunner has terminated.
Mono: successfully reloaded assembly
- Completed reload, in  0.759 seconds
Platform modules already initialized, skipping
========================================================================
Worker process is ready to serve import requests
Launched and connected shader compiler UnityShaderCompiler.exe after 0.06 seconds
Refreshing native plugins compatible for Editor in 0.21 ms, found 0 plugins.
Preloading 0 native plugins for Editor in 0.00 ms.
Unloading 1104 Unused Serialized files (Serialized files now loaded: 0)
System memory in use before: 68.8 MB.
System memory in use after: 68.9 MB.

Unloading 9 unused Assets to reduce memory usage. Loaded Objects now: 1564.
Total: 1.733300 ms (FindLiveObjects: 0.205900 ms CreateObjectMapping: 0.076100 ms MarkObjects: 1.374800 ms  DeleteObjects: 0.074700 ms)

========================================================================
Received Import Request.
  path: Assets/New Terrain.asset
  artifactKey: Guid(827e97f4c1e4fd84e9f645a5ca75c985) Importer(815301076,1909f56bfc062723c751e8b465ee728b)
Start importing Assets/New Terrain.asset using Guid(827e97f4c1e4fd84e9f645a5ca75c985) Importer(815301076,1909f56bfc062723c751e8b465ee728b)  -> (artifact id: 'd085b8f4521666863598aa467eebbd37') in 0.027121 seconds
  Import took 0.079664 seconds .

========================================================================
Received Import Request.
  Time since last request: 0.001393 seconds.
  path: Assets/New Terrain.asset
  artifactKey: Guid(827e97f4c1e4fd84e9f645a5ca75c985) Importer(815301076,1909f56bfc062723c751e8b465ee728b)
Start importing Assets/New Terrain.asset using Guid(827e97f4c1e4fd84e9f645a5ca75c985) Importer(815301076,1909f56bfc062723c751e8b465ee728b)  -> (artifact id: 'd085b8f4521666863598aa467eebbd37') in 0.008271 seconds
  Import took 0.010372 seconds .

========================================================================
Received Import Request.
  Time since last request: 42.046814 seconds.
  path: Assets/Samples/Terrain Tools/0.1.0-preview/Terrain Assets/BrushTextures/HeightmapTexture.preset
  artifactKey: Guid(3673edd4bef6add4aaf606245092507c) Importer(815301076,1909f56bfc062723c751e8b465ee728b)
Start importing Assets/Samples/Terrain Tools/0.1.0-preview/Terrain Assets/BrushTextures/HeightmapTexture.preset using Guid(3673edd4bef6add4aaf606245092507c) Importer(815301076,1909f56bfc062723c751e8b465ee728b)  -> (artifact id: '21390b997ad8f9190f1b27f53ee3c6af') in 0.084639 seconds
  Import took 0.101036 seconds .

========================================================================
Received Import Request.
  Time since last request: 16.014318 seconds.
  path: Assets/Samples/Terrain Tools/0.1.0-preview/Terrain Assets/TerrainLayers/New Terrain Material.mat
  artifactKey: Guid(59bb30bf676bf7e42b323a57679a031b) Importer(815301076,1909f56bfc062723c751e8b465ee728b)
Start importing Assets/Samples/Terrain Tools/0.1.0-preview/Terrain Assets/TerrainLayers/New Terrain Material.mat using Guid(59bb30bf676bf7e42b323a57679a031b) Importer(815301076,1909f56bfc062723c751e8b465ee728b)  -> (artifact id: '4118d875de2e90f6c97f0e408e104e42') in 0.098762 seconds
  Import took 0.234512 seconds .

========================================================================
Received Import Request.
  Time since last request: 28.647159 seconds.
  path: Assets/Samples/Terrain Tools/0.1.0-preview/Terrain Assets/TerrainTextures/moss_albedo.tif
  artifactKey: Guid(43b54d39e0a4c4d47bef645abec127f1) Importer(815301076,1909f56bfc062723c751e8b465ee728b)
Start importing Assets/Samples/Terrain Tools/0.1.0-preview/Terrain Assets/TerrainTextures/moss_albedo.tif using Guid(43b54d39e0a4c4d47bef645abec127f1) Importer(815301076,1909f56bfc062723c751e8b465ee728b)  -> (artifact id: '93cc5c301a017fe26ee88ac7c76292b1') in 0.037919 seconds
  Import took 0.107557 seconds .

========================================================================
Received Import Request.
  Time since last request: 62.271307 seconds.
  path: Assets/Samples/Terrain Tools/0.1.0-preview/Terrain Assets/TerrainLayers
  artifactKey: Guid(8e20acebdea53ef48834fdda56653c96) Importer(815301076,1909f56bfc062723c751e8b465ee728b)
Start importing Assets/Samples/Terrain Tools/0.1.0-preview/Terrain Assets/TerrainLayers using Guid(8e20acebdea53ef48834fdda56653c96) Importer(815301076,1909f56bfc062723c751e8b465ee728b)  -> (artifact id: 'cf750664a10c529708fbab7eea1ea949') in 0.006068 seconds
  Import took 0.007802 seconds .

========================================================================
Received Import Request.
  Time since last request: 42.022751 seconds.
  path: Assets/Samples/Terrain Tools/0.1.0-preview/Terrain Assets/TerrainLayers/New Terrain Layer.terrainlayer
  artifactKey: Guid(905ee38e5ff483a4db1f4d0f79a115e1) Importer(815301076,1909f56bfc062723c751e8b465ee728b)
Start importing Assets/Samples/Terrain Tools/0.1.0-preview/Terrain Assets/TerrainLayers/New Terrain Layer.terrainlayer using Guid(905ee38e5ff483a4db1f4d0f79a115e1) Importer(815301076,1909f56bfc062723c751e8b465ee728b)  -> (artifact id: '3b5b1be7fdd8b48a1c169fc8ac7cbc96') in 0.012042 seconds
  Import took 1.416165 seconds .

========================================================================
Received Import Request.
  Time since last request: 1445.788983 seconds.
  path: Assets/Samples/Terrain Tools/0.1.0-preview/Terrain Assets/TerrainTextures/NewLayer 1.terrainlayer
  artifactKey: Guid(4b3ea7296089ae34ab3001a3a358455b) Importer(815301076,1909f56bfc062723c751e8b465ee728b)
Start importing Assets/Samples/Terrain Tools/0.1.0-preview/Terrain Assets/TerrainTextures/NewLayer 1.terrainlayer using Guid(4b3ea7296089ae34ab3001a3a358455b) Importer(815301076,1909f56bfc062723c751e8b465ee728b)  -> (artifact id: '67976e1d4fe70840f1a34ac10ae83716') in 0.027575 seconds
  Import took 0.030251 seconds .

========================================================================
Received Import Request.
  Time since last request: 0.000260 seconds.
  path: Assets/Samples/Terrain Tools/0.1.0-preview/Terrain Assets/TerrainTextures/NewLayer.terrainlayer
  artifactKey: Guid(0a1c36b10751e724c96fa8543118c968) Importer(815301076,1909f56bfc062723c751e8b465ee728b)
Start importing Assets/Samples/Terrain Tools/0.1.0-preview/Terrain Assets/TerrainTextures/NewLayer.terrainlayer using Guid(0a1c36b10751e724c96fa8543118c968) Importer(815301076,1909f56bfc062723c751e8b465ee728b)  -> (artifact id: '86d8ac980105e64b313ec829572bdbf3') in 0.023121 seconds
  Import took 0.025267 seconds .

========================================================================
Received Import Request.
  Time since last request: 0.000331 seconds.
  path: Assets/Samples/Terrain Tools/0.1.0-preview/Terrain Assets/TerrainTextures/NewLayer 3.terrainlayer
  artifactKey: Guid(a27104754c4c3694badcb742e5a4d900) Importer(815301076,1909f56bfc062723c751e8b465ee728b)
Start importing Assets/Samples/Terrain Tools/0.1.0-preview/Terrain Assets/TerrainTextures/NewLayer 3.terrainlayer using Guid(a27104754c4c3694badcb742e5a4d900) Importer(815301076,1909f56bfc062723c751e8b465ee728b)  -> (artifact id: '3c0522a91e578c331e7b7883fc8fe159') in 0.016155 seconds
  Import took 0.017873 seconds .

========================================================================
Received Import Request.
  Time since last request: 0.000327 seconds.
  path: Assets/Samples/Terrain Tools/0.1.0-preview/Terrain Assets/TerrainTextures/NewLayer 2.terrainlayer
  artifactKey: Guid(c69075eb49e01a04398e23e0abe0c0c3) Importer(815301076,1909f56bfc062723c751e8b465ee728b)
Start importing Assets/Samples/Terrain Tools/0.1.0-preview/Terrain Assets/TerrainTextures/NewLayer 2.terrainlayer using Guid(c69075eb49e01a04398e23e0abe0c0c3) Importer(815301076,1909f56bfc062723c751e8b465ee728b)  -> (artifact id: '5240121d50676ffdeed240c4aaaf8c70') in 0.039914 seconds
  Import took 0.041780 seconds .

========================================================================
Received Prepare
Registering precompiled user dll's ...
Registered in 0.001185 seconds.
Begin MonoManager ReloadAssembly
Native extension for WindowsStandalone target not found
Refreshing native plugins compatible for Editor in 0.25 ms, found 0 plugins.
Preloading 0 native plugins for Editor in 0.00 ms.
Invoked RoslynAnalysisRunner static constructor.
RoslynAnalysisRunner will not be running.
RoslynAnalysisRunner has terminated.
Mono: successfully reloaded assembly
- Completed reload, in  0.627 seconds
Platform modules already initialized, skipping
Refreshing native plugins compatible for Editor in 0.25 ms, found 0 plugins.
Preloading 0 native plugins for Editor in 0.00 ms.
Unloading 1124 Unused Serialized files (Serialized files now loaded: 0)
System memory in use before: 84.0 MB.
System memory in use after: 81.0 MB.

Unloading 16 unused Assets to reduce memory usage. Loaded Objects now: 1628.
Total: 3.768200 ms (FindLiveObjects: 0.209000 ms CreateObjectMapping: 0.042600 ms MarkObjects: 1.430500 ms  DeleteObjects: 2.084700 ms)

========================================================================
Received Prepare
Registering precompiled user dll's ...
Registered in 0.000528 seconds.
Begin MonoManager ReloadAssembly
Native extension for WindowsStandalone target not found
Refreshing native plugins compatible for Editor in 0.20 ms, found 0 plugins.
Preloading 0 native plugins for Editor in 0.00 ms.
Invoked RoslynAnalysisRunner static constructor.
RoslynAnalysisRunner will not be running.
RoslynAnalysisRunner has terminated.
Mono: successfully reloaded assembly
- Completed reload, in  0.643 seconds
Platform modules already initialized, skipping
Refreshing native plugins compatible for Editor in 0.20 ms, found 0 plugins.
Preloading 0 native plugins for Editor in 0.00 ms.
Unloading 1099 Unused Serialized files (Serialized files now loaded: 0)
System memory in use before: 79.7 MB.
System memory in use after: 79.7 MB.

Unloading 17 unused Assets to reduce memory usage. Loaded Objects now: 1618.
Total: 1.801100 ms (FindLiveObjects: 0.232000 ms CreateObjectMapping: 0.059500 ms MarkObjects: 1.439800 ms  DeleteObjects: 0.068700 ms)

========================================================================
Received Import Request.
  Time since last request: 188.688121 seconds.
  path: Assets/New Terrain 1.asset
  artifactKey: Guid(7d0b51768c6af754999ca520dd2a2769) Importer(815301076,1909f56bfc062723c751e8b465ee728b)
Start importing Assets/New Terrain 1.asset using Guid(7d0b51768c6af754999ca520dd2a2769) Importer(815301076,1909f56bfc062723c751e8b465ee728b)  -> (artifact id: 'd7257f9b7ee694e1e88d3932f5f57a83') in 0.170780 seconds
  Import took 0.172853 seconds .

========================================================================
Received Import Request.
  Time since last request: 0.000337 seconds.
  path: Assets/New Terrain.asset
  artifactKey: Guid(827e97f4c1e4fd84e9f645a5ca75c985) Importer(815301076,1909f56bfc062723c751e8b465ee728b)
Start importing Assets/New Terrain.asset using Guid(827e97f4c1e4fd84e9f645a5ca75c985) Importer(815301076,1909f56bfc062723c751e8b465ee728b)  -> (artifact id: '600a046f872406add8a4df687d3b1a59') in 0.176941 seconds
  Import took 0.178720 seconds .

AssetImportWorkerClient::OnTransportError - code=2 error=End of file
